15:38:47.295 [main] INFO  testCases.TC_001_AccountRegistrationTest - Click on Register link...
15:38:48.459 [main] INFO  testCases.TC_001_AccountRegistrationTest - Entering Customer details...
15:38:52.697 [main] INFO  testCases.TC_001_AccountRegistrationTest - Click on Continue...
15:38:52.774 [main] INFO  testCases.TC_001_AccountRegistrationTest - Validating Expected message..
15:38:52.775 [main] INFO  testCases.TC_001_AccountRegistrationTest - test passed...
15:38:52.782 [main] DEBUG testCases.TC_001_AccountRegistrationTest - application logs end....
15:38:52.783 [main] INFO  testCases.TC_001_AccountRegistrationTest - *******finished TC_001_AccountRegistrationTest*********
15:38:59.656 [main] INFO  testCases.TC_002_LoginTest - **** staring TC_002_LoginTest *****
15:38:59.657 [main] DEBUG testCases.TC_002_LoginTest - capturing application debug logs...
15:39:00.926 [main] INFO  testCases.TC_002_LoginTest - Clicked on My Account link
15:39:01.570 [main] INFO  testCases.TC_002_LoginTest - Clicked on Login link in MyAccount
15:39:01.572 [main] INFO  testCases.TC_002_LoginTest - Entered Valid email and password
15:39:02.684 [main] INFO  testCases.TC_002_LoginTest - Clicked on login button
15:39:02.795 [main] INFO  testCases.TC_002_LoginTest - **** Finished TC_002_LoginTest *****
15:39:52.102 [main] INFO  testCases.TC_001_AccountRegistrationTest - *******staring TC_001_AccountRegistrationTest*********
15:39:52.110 [main] DEBUG testCases.TC_001_AccountRegistrationTest - application logs started....
15:39:52.149 [main] INFO  testCases.TC_001_AccountRegistrationTest - Click on MyAccount link...
15:39:53.264 [main] INFO  testCases.TC_001_AccountRegistrationTest - Click on Register link...
15:39:54.111 [main] INFO  testCases.TC_001_AccountRegistrationTest - Entering Customer details...
15:39:58.097 [main] INFO  testCases.TC_001_AccountRegistrationTest - Click on Continue...
15:39:58.157 [main] INFO  testCases.TC_001_AccountRegistrationTest - Validating Expected message..
15:39:58.158 [main] INFO  testCases.TC_001_AccountRegistrationTest - test passed...
15:39:58.164 [main] DEBUG testCases.TC_001_AccountRegistrationTest - application logs end....
15:39:58.165 [main] INFO  testCases.TC_001_AccountRegistrationTest - *******finished TC_001_AccountRegistrationTest*********
15:40:04.736 [main] INFO  testCases.TC_002_LoginTest - **** staring TC_002_LoginTest *****
15:40:04.736 [main] DEBUG testCases.TC_002_LoginTest - capturing application debug logs...
15:40:05.938 [main] INFO  testCases.TC_002_LoginTest - Clicked on My Account link
15:40:06.567 [main] INFO  testCases.TC_002_LoginTest - Clicked on Login link in MyAccount
15:40:06.570 [main] INFO  testCases.TC_002_LoginTest - Entered Valid email and password
15:40:07.694 [main] INFO  testCases.TC_002_LoginTest - Clicked on login button
15:40:07.801 [main] INFO  testCases.TC_002_LoginTest - **** Finished TC_002_LoginTest *****
15:42:04.085 [main] INFO  testCases.TC_004_SearchProductTest -  Starting TC_004_SearchProductTest 
15:42:05.949 [main] INFO  testCases.TC_004_SearchProductTest -  Finished TC_004_SearchProductTest 
15:42:50.298 [main] INFO  testCases.TC_004_SearchProductTest -  Starting TC_004_SearchProductTest 
15:42:52.042 [main] INFO  testCases.TC_004_SearchProductTest -  Finished TC_004_SearchProductTest 
15:43:38.009 [main] INFO  testCases.TC_004_SearchProductTest -  Starting TC_004_SearchProductTest 
15:43:39.641 [main] INFO  testCases.TC_004_SearchProductTest -  Finished TC_004_SearchProductTest 
15:45:57.336 [main] INFO  testCases.TC_005_AddToCartPageTest -  Starting TC_005_AddToCartPageTest 
15:46:00.604 [main] INFO  testCases.TC_005_AddToCartPageTest -  Finished TC_004_SearchProductTest 
15:52:14.343 [main] INFO  testCases.TC_005_AddToCartPageTest -  Starting TC_005_AddToCartPageTest 
15:54:43.557 [main] INFO  testCases.TC_005_AddToCartPageTest -  Finished TC_004_SearchProductTest 
16:35:38.170 [main] INFO  testCases.TC_005_AddToCartPageTest -  Starting TC_005_AddToCartPageTest 
16:37:43.926 [main] INFO  testCases.TC_005_AddToCartPageTest -  Starting TC_005_AddToCartPageTest 
19:50:13.438 [main] INFO  testCases.TC_001_AccountRegistrationTest - *******staring TC_001_AccountRegistrationTest*********
19:50:13.450 [main] DEBUG testCases.TC_001_AccountRegistrationTest - application logs started....
19:50:13.498 [main] INFO  testCases.TC_001_AccountRegistrationTest - Click on MyAccount link...
19:50:14.627 [main] INFO  testCases.TC_001_AccountRegistrationTest - Click on Register link...
19:50:15.310 [main] INFO  testCases.TC_001_AccountRegistrationTest - Entering Customer details...
19:50:19.345 [main] INFO  testCases.TC_001_AccountRegistrationTest - Click on Continue...
19:50:19.418 [main] INFO  testCases.TC_001_AccountRegistrationTest - Validating Expected message..
19:50:19.419 [main] INFO  testCases.TC_001_AccountRegistrationTest - test passed...
19:50:19.425 [main] DEBUG testCases.TC_001_AccountRegistrationTest - application logs end....
