19:58:40.967 [main] INFO  testCases.TC_001_AccountRegistrationTest - *******staring TC_001_AccountRegistrationTest*********
19:58:40.987 [main] DEBUG testCases.TC_001_AccountRegistrationTest - application logs started....
19:58:41.010 [main] INFO  testCases.TC_001_AccountRegistrationTest - Click on MyAccount link...
19:58:41.662 [main] INFO  testCases.TC_001_AccountRegistrationTest - Click on Register link...
19:58:42.093 [main] INFO  testCases.TC_001_AccountRegistrationTest - Entering Customer details...
19:58:45.151 [main] INFO  testCases.TC_001_AccountRegistrationTest - Click on Continue...
19:58:45.189 [main] INFO  testCases.TC_001_AccountRegistrationTest - Validating Expected message..
19:58:45.190 [main] ERROR testCases.TC_001_AccountRegistrationTest - test failed...
19:58:48.585 [main] INFO  testCases.TC_002_LoginTest - **** staring TC_002_LoginTest *****
19:58:48.585 [main] DEBUG testCases.TC_002_LoginTest - capturing application debug logs...
19:58:49.228 [main] INFO  testCases.TC_002_LoginTest - Clicked on My Account link
19:58:49.595 [main] INFO  testCases.TC_002_LoginTest - Clicked on Login link in MyAccount
19:58:49.598 [main] INFO  testCases.TC_002_LoginTest - Entered Valid email and password
19:58:50.148 [main] INFO  testCases.TC_002_LoginTest - Clicked on login button
19:58:50.201 [main] INFO  testCases.TC_002_LoginTest - Login test passed....
19:58:50.202 [main] INFO  testCases.TC_002_LoginTest - **** Finished TC_002_LoginTest *****
20:20:12.781 [main] INFO  testCases.TC_001_AccountRegistrationTest - *******staring TC_001_AccountRegistrationTest*********
20:20:12.786 [main] DEBUG testCases.TC_001_AccountRegistrationTest - application logs started....
20:20:12.809 [main] INFO  testCases.TC_001_AccountRegistrationTest - Click on MyAccount link...
20:20:12.902 [main] INFO  testCases.TC_001_AccountRegistrationTest - Click on Register link...
20:20:13.319 [main] INFO  testCases.TC_001_AccountRegistrationTest - Entering Customer details...
20:20:16.402 [main] INFO  testCases.TC_001_AccountRegistrationTest - Click on Continue...
20:20:16.437 [main] INFO  testCases.TC_001_AccountRegistrationTest - Validating Expected message..
20:20:16.437 [main] ERROR testCases.TC_001_AccountRegistrationTest - test failed...
20:20:20.021 [main] INFO  testCases.TC_002_LoginTest - **** staring TC_002_LoginTest *****
20:20:20.022 [main] DEBUG testCases.TC_002_LoginTest - capturing application debug logs...
20:20:20.702 [main] INFO  testCases.TC_002_LoginTest - Clicked on My Account link
20:20:21.047 [main] INFO  testCases.TC_002_LoginTest - Clicked on Login link in MyAccount
20:20:21.049 [main] INFO  testCases.TC_002_LoginTest - Entered Valid email and password
20:20:21.576 [main] INFO  testCases.TC_002_LoginTest - Clicked on login button
20:20:31.592 [main] ERROR testCases.TC_002_LoginTest - Login test failed....
20:28:12.365 [main] INFO  testCases.TC_001_AccountRegistrationTest - *******staring TC_001_AccountRegistrationTest*********
20:28:12.369 [main] DEBUG testCases.TC_001_AccountRegistrationTest - application logs started....
20:28:12.389 [main] INFO  testCases.TC_001_AccountRegistrationTest - Click on MyAccount link...
20:28:13.058 [main] INFO  testCases.TC_001_AccountRegistrationTest - Click on Register link...
20:28:13.446 [main] INFO  testCases.TC_001_AccountRegistrationTest - Entering Customer details...
20:28:16.543 [main] INFO  testCases.TC_001_AccountRegistrationTest - Click on Continue...
20:28:16.580 [main] INFO  testCases.TC_001_AccountRegistrationTest - Validating Expected message..
20:28:16.580 [main] ERROR testCases.TC_001_AccountRegistrationTest - test failed...
20:28:19.823 [main] INFO  testCases.TC_002_LoginTest - **** staring TC_002_LoginTest *****
20:28:19.824 [main] DEBUG testCases.TC_002_LoginTest - capturing application debug logs...
20:28:20.472 [main] INFO  testCases.TC_002_LoginTest - Clicked on My Account link
20:28:20.815 [main] INFO  testCases.TC_002_LoginTest - Clicked on Login link in MyAccount
20:28:20.817 [main] INFO  testCases.TC_002_LoginTest - Entered Valid email and password
20:28:21.354 [main] INFO  testCases.TC_002_LoginTest - Clicked on login button
20:28:21.399 [main] INFO  testCases.TC_002_LoginTest - Login test passed....
20:28:21.399 [main] INFO  testCases.TC_002_LoginTest - **** Finished TC_002_LoginTest *****
20:33:35.887 [main] INFO  testCases.TC_001_AccountRegistrationTest - *******staring TC_001_AccountRegistrationTest*********
20:33:35.892 [main] DEBUG testCases.TC_001_AccountRegistrationTest - application logs started....
20:33:35.917 [main] INFO  testCases.TC_001_AccountRegistrationTest - Click on MyAccount link...
20:33:36.633 [main] INFO  testCases.TC_001_AccountRegistrationTest - Click on Register link...
20:33:37.046 [main] INFO  testCases.TC_001_AccountRegistrationTest - Entering Customer details...
20:33:40.173 [main] INFO  testCases.TC_001_AccountRegistrationTest - Click on Continue...
20:33:40.205 [main] INFO  testCases.TC_001_AccountRegistrationTest - Validating Expected message..
