15:12:52.083 [main] INFO  testCases.TC_002_LoginTest - Login test passed....
15:12:52.113 [main] INFO  testCases.TC_002_LoginTest - **** Finished TC_002_LoginTest *****
15:12:58.638 [main] INFO  testCases.TC_004_SearchProductTest -  Starting TC_004_SearchProductTest 
15:13:00.245 [main] INFO  testCases.TC_004_SearchProductTest -  Finished TC_004_SearchProductTest 
15:13:06.603 [main] INFO  testCases.TC_005_AddToCartPageTest -  Starting TC_005_AddToCartPageTest 
15:13:09.571 [main] INFO  testCases.TC_005_AddToCartPageTest -  Finished TC_004_SearchProductTest 
19:35:26.527 [main] INFO  testCases.TC_001_AccountRegistrationTest - *******staring TC_001_AccountRegistrationTest*********
19:35:26.537 [main] DEBUG testCases.TC_001_AccountRegistrationTest - application logs started....
19:35:26.582 [main] INFO  testCases.TC_001_AccountRegistrationTest - Click on MyAccount link...
19:35:27.652 [main] INFO  testCases.TC_001_AccountRegistrationTest - Click on Register link...
19:35:28.491 [main] INFO  testCases.TC_001_AccountRegistrationTest - Entering Customer details...
19:35:32.780 [main] INFO  testCases.TC_001_AccountRegistrationTest - Click on Continue...
19:35:32.846 [main] INFO  testCases.TC_001_AccountRegistrationTest - Validating Expected message..
19:35:32.847 [main] INFO  testCases.TC_001_AccountRegistrationTest - test passed...
19:35:32.855 [main] DEBUG testCases.TC_001_AccountRegistrationTest - application logs end....
19:35:32.856 [main] INFO  testCases.TC_001_AccountRegistrationTest - *******finished TC_001_AccountRegistrationTest*********
19:35:39.722 [main] INFO  testCases.TC_002_LoginTest - **** staring TC_002_LoginTest *****
19:35:39.723 [main] DEBUG testCases.TC_002_LoginTest - capturing application debug logs...
19:35:39.877 [main] INFO  testCases.TC_002_LoginTest - Clicked on My Account link
19:35:40.479 [main] INFO  testCases.TC_002_LoginTest - Clicked on Login link in MyAccount
19:35:40.482 [main] INFO  testCases.TC_002_LoginTest - Entered Valid email and password
19:35:41.733 [main] INFO  testCases.TC_002_LoginTest - Clicked on login button
19:35:41.843 [main] INFO  testCases.TC_002_LoginTest - **** Finished TC_002_LoginTest *****
19:35:48.425 [main] INFO  testCases.TC_004_SearchProductTest -  Starting TC_004_SearchProductTest 
19:35:50.049 [main] INFO  testCases.TC_004_SearchProductTest -  Finished TC_004_SearchProductTest 
19:35:56.482 [main] INFO  testCases.TC_005_AddToCartPageTest -  Starting TC_005_AddToCartPageTest 
19:35:59.408 [main] INFO  testCases.TC_005_AddToCartPageTest -  Finished TC_004_SearchProductTest 
20:59:16.147 [main] INFO  testCases.TC_001_AccountRegistrationTest - *******staring TC_001_AccountRegistrationTest*********
20:59:16.154 [main] DEBUG testCases.TC_001_AccountRegistrationTest - application logs started....
20:59:16.191 [main] INFO  testCases.TC_001_AccountRegistrationTest - Click on MyAccount link...
20:59:17.393 [main] INFO  testCases.TC_001_AccountRegistrationTest - Click on Register link...
20:59:18.205 [main] INFO  testCases.TC_001_AccountRegistrationTest - Entering Customer details...
20:59:22.286 [main] INFO  testCases.TC_001_AccountRegistrationTest - Click on Continue...
20:59:22.350 [main] INFO  testCases.TC_001_AccountRegistrationTest - Validating Expected message..
20:59:22.351 [main] INFO  testCases.TC_001_AccountRegistrationTest - test passed...
20:59:22.358 [main] DEBUG testCases.TC_001_AccountRegistrationTest - application logs end....
20:59:22.359 [main] INFO  testCases.TC_001_AccountRegistrationTest - *******finished TC_001_AccountRegistrationTest*********
20:59:28.760 [main] INFO  testCases.TC_002_LoginTest - **** staring TC_002_LoginTest *****
20:59:28.761 [main] DEBUG testCases.TC_002_LoginTest - capturing application debug logs...
20:59:30.034 [main] INFO  testCases.TC_002_LoginTest - Clicked on My Account link
20:59:30.782 [main] INFO  testCases.TC_002_LoginTest - Clicked on Login link in MyAccount
20:59:30.784 [main] INFO  testCases.TC_002_LoginTest - Entered Valid email and password
20:59:31.870 [main] INFO  testCases.TC_002_LoginTest - Clicked on login button
20:59:31.977 [main] INFO  testCases.TC_002_LoginTest - **** Finished TC_002_LoginTest *****
20:59:38.495 [main] INFO  testCases.TC_004_SearchProductTest -  Starting TC_004_SearchProductTest 
20:59:40.096 [main] INFO  testCases.TC_004_SearchProductTest -  Finished TC_004_SearchProductTest 
20:59:47.266 [main] INFO  testCases.TC_005_AddToCartPageTest -  Starting TC_005_AddToCartPageTest 
20:59:50.390 [main] INFO  testCases.TC_005_AddToCartPageTest -  Finished TC_004_SearchProductTest 
21:18:16.538 [main] INFO  testCases.TC_001_AccountRegistrationTest - *******staring TC_001_AccountRegistrationTest*********
21:18:16.543 [main] DEBUG testCases.TC_001_AccountRegistrationTest - application logs started....
21:18:16.586 [main] INFO  testCases.TC_001_AccountRegistrationTest - Click on MyAccount link...
21:18:17.639 [main] INFO  testCases.TC_001_AccountRegistrationTest - Click on Register link...
