20:33:40.205 [main] ERROR testCases.TC_001_AccountRegistrationTest - test failed...
20:36:59.291 [main] INFO  testCases.TC_001_AccountRegistrationTest - *******staring TC_001_AccountRegistrationTest*********
20:36:59.294 [main] DEBUG testCases.TC_001_AccountRegistrationTest - application logs started....
20:36:59.313 [main] INFO  testCases.TC_001_AccountRegistrationTest - Click on MyAccount link...
20:36:59.900 [main] INFO  testCases.TC_001_AccountRegistrationTest - Click on Register link...
20:37:00.305 [main] INFO  testCases.TC_001_AccountRegistrationTest - Entering Customer details...
20:37:03.400 [main] INFO  testCases.TC_001_AccountRegistrationTest - Click on Continue...
20:37:03.437 [main] INFO  testCases.TC_001_AccountRegistrationTest - Validating Expected message..
20:37:03.438 [main] INFO  testCases.TC_001_AccountRegistrationTest - test passed...
20:37:03.442 [main] DEBUG testCases.TC_001_AccountRegistrationTest - application logs end....
20:37:03.443 [main] INFO  testCases.TC_001_AccountRegistrationTest - *******finished TC_001_AccountRegistrationTest*********
20:43:57.496 [main] INFO  testCases.TC_001_AccountRegistrationTest - *******staring TC_001_AccountRegistrationTest*********
20:43:57.503 [main] DEBUG testCases.TC_001_AccountRegistrationTest - application logs started....
20:43:57.546 [main] INFO  testCases.TC_001_AccountRegistrationTest - Click on MyAccount link...
20:43:58.687 [main] INFO  testCases.TC_001_AccountRegistrationTest - Click on Register link...
20:43:59.571 [main] INFO  testCases.TC_001_AccountRegistrationTest - Entering Customer details...
20:44:03.719 [main] INFO  testCases.TC_001_AccountRegistrationTest - Click on Continue...
20:44:03.781 [main] INFO  testCases.TC_001_AccountRegistrationTest - Validating Expected message..
20:44:03.781 [main] INFO  testCases.TC_001_AccountRegistrationTest - test passed...
20:44:03.790 [main] DEBUG testCases.TC_001_AccountRegistrationTest - application logs end....
20:44:03.790 [main] INFO  testCases.TC_001_AccountRegistrationTest - *******finished TC_001_AccountRegistrationTest*********
20:44:09.787 [main] INFO  testCases.TC_002_LoginTest - **** staring TC_002_LoginTest *****
20:44:09.788 [main] DEBUG testCases.TC_002_LoginTest - capturing application debug logs...
20:44:11.023 [main] INFO  testCases.TC_002_LoginTest - Clicked on My Account link
20:44:11.727 [main] INFO  testCases.TC_002_LoginTest - Clicked on Login link in MyAccount
20:44:11.731 [main] INFO  testCases.TC_002_LoginTest - Entered Valid email and password
20:44:12.871 [main] INFO  testCases.TC_002_LoginTest - Clicked on login button
20:44:12.964 [main] INFO  testCases.TC_002_LoginTest - Login test passed....
20:44:12.965 [main] INFO  testCases.TC_002_LoginTest - **** Finished TC_002_LoginTest *****
22:31:13.665 [main] INFO  testCases.TC_001_AccountRegistrationTest - *******staring TC_001_AccountRegistrationTest*********
22:31:13.671 [main] DEBUG testCases.TC_001_AccountRegistrationTest - application logs started....
22:31:13.694 [main] INFO  testCases.TC_001_AccountRegistrationTest - Click on MyAccount link...
22:31:14.395 [main] INFO  testCases.TC_001_AccountRegistrationTest - Click on Register link...
22:31:14.796 [main] INFO  testCases.TC_001_AccountRegistrationTest - Entering Customer details...
22:31:17.808 [main] INFO  testCases.TC_001_AccountRegistrationTest - Click on Continue...
22:31:17.842 [main] INFO  testCases.TC_001_AccountRegistrationTest - Validating Expected message..
22:31:17.843 [main] INFO  testCases.TC_001_AccountRegistrationTest - test passed...
22:31:17.845 [main] DEBUG testCases.TC_001_AccountRegistrationTest - application logs end....
22:31:17.846 [main] INFO  testCases.TC_001_AccountRegistrationTest - *******finished TC_001_AccountRegistrationTest*********
22:31:21.833 [main] INFO  testCases.TC_002_LoginTest - **** staring TC_002_LoginTest *****
22:31:21.833 [main] DEBUG testCases.TC_002_LoginTest - capturing application debug logs...
22:31:22.481 [main] INFO  testCases.TC_002_LoginTest - Clicked on My Account link
22:31:22.816 [main] INFO  testCases.TC_002_LoginTest - Clicked on Login link in MyAccount
22:31:22.819 [main] INFO  testCases.TC_002_LoginTest - Entered Valid email and password
22:31:23.347 [main] INFO  testCases.TC_002_LoginTest - Clicked on login button
22:31:23.426 [main] INFO  testCases.TC_002_LoginTest - Login test passed....
22:31:23.426 [main] INFO  testCases.TC_002_LoginTest - **** Finished TC_002_LoginTest *****
22:32:15.215 [main] INFO  testCases.TC_001_AccountRegistrationTest - *******staring TC_001_AccountRegistrationTest*********
22:32:15.218 [main] DEBUG testCases.TC_001_AccountRegistrationTest - application logs started....
22:32:15.241 [main] INFO  testCases.TC_001_AccountRegistrationTest - Click on MyAccount link...
22:32:15.906 [main] INFO  testCases.TC_001_AccountRegistrationTest - Click on Register link...
22:32:16.267 [main] INFO  testCases.TC_001_AccountRegistrationTest - Entering Customer details...
