21:18:18.375 [main] INFO  testCases.TC_001_AccountRegistrationTest - Entering Customer details...
21:18:22.470 [main] INFO  testCases.TC_001_AccountRegistrationTest - Click on Continue...
21:18:22.540 [main] INFO  testCases.TC_001_AccountRegistrationTest - Validating Expected message..
21:18:22.541 [main] INFO  testCases.TC_001_AccountRegistrationTest - test passed...
21:18:22.547 [main] DEBUG testCases.TC_001_AccountRegistrationTest - application logs end....
21:18:22.548 [main] INFO  testCases.TC_001_AccountRegistrationTest - *******finished TC_001_AccountRegistrationTest*********
21:18:29.275 [main] INFO  testCases.TC_002_LoginTest - **** staring TC_002_LoginTest *****
21:18:29.277 [main] DEBUG testCases.TC_002_LoginTest - capturing application debug logs...
21:18:30.469 [main] INFO  testCases.TC_002_LoginTest - Clicked on My Account link
21:18:31.170 [main] INFO  testCases.TC_002_LoginTest - Clicked on Login link in MyAccount
21:18:31.172 [main] INFO  testCases.TC_002_LoginTest - Entered Valid email and password
21:18:32.278 [main] INFO  testCases.TC_002_LoginTest - Clicked on login button
21:18:32.379 [main] INFO  testCases.TC_002_LoginTest - **** Finished TC_002_LoginTest *****
21:18:38.924 [main] INFO  testCases.TC_004_SearchProductTest -  Starting TC_004_SearchProductTest 
21:18:40.463 [main] INFO  testCases.TC_004_SearchProductTest -  Finished TC_004_SearchProductTest 
21:18:46.910 [main] INFO  testCases.TC_005_AddToCartPageTest -  Starting TC_005_AddToCartPageTest 
21:18:50.061 [main] INFO  testCases.TC_005_AddToCartPageTest -  Finished TC_004_SearchProductTest 
23:30:41.963 [main] INFO  testCases.TC_001_AccountRegistrationTest - *******staring TC_001_AccountRegistrationTest*********
23:30:41.972 [main] DEBUG testCases.TC_001_AccountRegistrationTest - application logs started....
23:30:42.016 [main] INFO  testCases.TC_001_AccountRegistrationTest - Click on MyAccount link...
23:30:43.145 [main] INFO  testCases.TC_001_AccountRegistrationTest - Click on Register link...
23:30:43.965 [main] INFO  testCases.TC_001_AccountRegistrationTest - Entering Customer details...
23:30:48.044 [main] INFO  testCases.TC_001_AccountRegistrationTest - Click on Continue...
23:30:48.145 [main] INFO  testCases.TC_001_AccountRegistrationTest - Validating Expected message..
23:30:48.146 [main] INFO  testCases.TC_001_AccountRegistrationTest - test passed...
23:30:48.155 [main] DEBUG testCases.TC_001_AccountRegistrationTest - application logs end....
23:30:48.156 [main] INFO  testCases.TC_001_AccountRegistrationTest - *******finished TC_001_AccountRegistrationTest*********
23:30:55.959 [main] INFO  testCases.TC_002_LoginTest - **** staring TC_002_LoginTest *****
23:30:55.961 [main] DEBUG testCases.TC_002_LoginTest - capturing application debug logs...
23:30:57.007 [main] INFO  testCases.TC_002_LoginTest - Clicked on My Account link
23:30:57.756 [main] INFO  testCases.TC_002_LoginTest - Clicked on Login link in MyAccount
23:30:57.759 [main] INFO  testCases.TC_002_LoginTest - Entered Valid email and password
23:30:58.899 [main] INFO  testCases.TC_002_LoginTest - Clicked on login button
23:30:59.003 [main] INFO  testCases.TC_002_LoginTest - **** Finished TC_002_LoginTest *****
23:31:05.734 [main] INFO  testCases.TC_004_SearchProductTest -  Starting TC_004_SearchProductTest 
23:31:07.286 [main] INFO  testCases.TC_004_SearchProductTest -  Finished TC_004_SearchProductTest 
23:31:13.832 [main] INFO  testCases.TC_005_AddToCartPageTest -  Starting TC_005_AddToCartPageTest 
23:31:16.937 [main] INFO  testCases.TC_005_AddToCartPageTest -  Finished TC_004_SearchProductTest 
23:35:32.318 [main] INFO  testCases.TC_001_AccountRegistrationTest - *******staring TC_001_AccountRegistrationTest*********
23:35:32.326 [main] DEBUG testCases.TC_001_AccountRegistrationTest - application logs started....
23:35:32.373 [main] INFO  testCases.TC_001_AccountRegistrationTest - Click on MyAccount link...
23:35:32.511 [main] INFO  testCases.TC_001_AccountRegistrationTest - Click on Register link...
23:35:33.182 [main] INFO  testCases.TC_001_AccountRegistrationTest - Entering Customer details...
23:35:37.219 [main] INFO  testCases.TC_001_AccountRegistrationTest - Click on Continue...
23:35:37.270 [main] INFO  testCases.TC_001_AccountRegistrationTest - Validating Expected message..
23:35:37.271 [main] INFO  testCases.TC_001_AccountRegistrationTest - test passed...
23:35:37.278 [main] DEBUG testCases.TC_001_AccountRegistrationTest - application logs end....
23:35:37.278 [main] INFO  testCases.TC_001_AccountRegistrationTest - *******finished TC_001_AccountRegistrationTest*********
23:35:43.820 [main] INFO  testCases.TC_002_LoginTest - **** staring TC_002_LoginTest *****
23:35:43.821 [main] DEBUG testCases.TC_002_LoginTest - capturing application debug logs...
23:35:45.040 [main] INFO  testCases.TC_002_LoginTest - Clicked on My Account link
23:35:45.719 [main] INFO  testCases.TC_002_LoginTest - Clicked on Login link in MyAccount
