17:36:03.622 [main] INFO  testCases.TC_001_AccountRegistrationTest - Entering Customer details...
17:36:07.906 [main] INFO  testCases.TC_001_AccountRegistrationTest - Click on Continue...
17:36:07.988 [main] INFO  testCases.TC_001_AccountRegistrationTest - Validating Expected message..
17:36:07.989 [main] INFO  testCases.TC_001_AccountRegistrationTest - test passed...
17:36:07.997 [main] DEBUG testCases.TC_001_AccountRegistrationTest - application logs end....
17:36:07.998 [main] INFO  testCases.TC_001_AccountRegistrationTest - *******finished TC_001_AccountRegistrationTest*********
17:36:14.098 [main] INFO  testCases.TC_002_LoginTest - **** staring TC_002_LoginTest *****
17:36:14.099 [main] DEBUG testCases.TC_002_LoginTest - capturing application debug logs...
17:36:14.252 [main] INFO  testCases.TC_002_LoginTest - Clicked on My Account link
17:36:14.910 [main] INFO  testCases.TC_002_LoginTest - Clicked on Login link in MyAccount
17:36:14.913 [main] INFO  testCases.TC_002_LoginTest - Entered Valid email and password
17:36:16.306 [main] INFO  testCases.TC_002_LoginTest - Clicked on login button
17:36:16.450 [main] INFO  testCases.TC_002_LoginTest - Login test passed....
17:36:16.450 [main] INFO  testCases.TC_002_LoginTest - **** Finished TC_002_LoginTest *****
17:37:12.830 [main] INFO  testCases.TC_001_AccountRegistrationTest - *******staring TC_001_AccountRegistrationTest*********
17:37:12.839 [main] DEBUG testCases.TC_001_AccountRegistrationTest - application logs started....
17:37:12.909 [main] INFO  testCases.TC_001_AccountRegistrationTest - Click on MyAccount link...
17:37:14.312 [main] INFO  testCases.TC_001_AccountRegistrationTest - Click on Register link...
17:37:15.082 [main] INFO  testCases.TC_001_AccountRegistrationTest - Entering Customer details...
17:37:19.402 [main] INFO  testCases.TC_001_AccountRegistrationTest - Click on Continue...
17:37:19.458 [main] INFO  testCases.TC_001_AccountRegistrationTest - Validating Expected message..
17:37:19.459 [main] INFO  testCases.TC_001_AccountRegistrationTest - test passed...
17:37:19.469 [main] DEBUG testCases.TC_001_AccountRegistrationTest - application logs end....
17:37:19.469 [main] INFO  testCases.TC_001_AccountRegistrationTest - *******finished TC_001_AccountRegistrationTest*********
17:37:25.640 [main] INFO  testCases.TC_002_LoginTest - **** staring TC_002_LoginTest *****
17:37:25.640 [main] DEBUG testCases.TC_002_LoginTest - capturing application debug logs...
17:37:27.237 [main] INFO  testCases.TC_002_LoginTest - Clicked on My Account link
17:37:28.053 [main] INFO  testCases.TC_002_LoginTest - Clicked on Login link in MyAccount
17:37:28.057 [main] INFO  testCases.TC_002_LoginTest - Entered Valid email and password
17:37:29.127 [main] INFO  testCases.TC_002_LoginTest - Clicked on login button
17:37:29.217 [main] INFO  testCases.TC_002_LoginTest - Login test passed....
17:37:29.218 [main] INFO  testCases.TC_002_LoginTest - **** Finished TC_002_LoginTest *****
17:42:24.935 [main] INFO  testCases.TC_001_AccountRegistrationTest - *******staring TC_001_AccountRegistrationTest*********
17:42:24.943 [main] DEBUG testCases.TC_001_AccountRegistrationTest - application logs started....
17:42:24.994 [main] INFO  testCases.TC_001_AccountRegistrationTest - Click on MyAccount link...
17:42:26.169 [main] INFO  testCases.TC_001_AccountRegistrationTest - Click on Register link...
17:42:26.940 [main] INFO  testCases.TC_001_AccountRegistrationTest - Entering Customer details...
17:42:30.951 [main] INFO  testCases.TC_001_AccountRegistrationTest - Click on Continue...
17:42:31.018 [main] INFO  testCases.TC_001_AccountRegistrationTest - Validating Expected message..
17:42:31.019 [main] INFO  testCases.TC_001_AccountRegistrationTest - test passed...
17:42:31.028 [main] DEBUG testCases.TC_001_AccountRegistrationTest - application logs end....
17:42:31.028 [main] INFO  testCases.TC_001_AccountRegistrationTest - *******finished TC_001_AccountRegistrationTest*********
17:42:36.787 [main] INFO  testCases.TC_002_LoginTest - **** staring TC_002_LoginTest *****
17:42:36.787 [main] DEBUG testCases.TC_002_LoginTest - capturing application debug logs...
17:42:37.939 [main] INFO  testCases.TC_002_LoginTest - Clicked on My Account link
17:42:38.680 [main] INFO  testCases.TC_002_LoginTest - Clicked on Login link in MyAccount
17:42:38.685 [main] INFO  testCases.TC_002_LoginTest - Entered Valid email and password
17:42:39.786 [main] INFO  testCases.TC_002_LoginTest - Clicked on login button
17:42:39.889 [main] INFO  testCases.TC_002_LoginTest - Login test passed....
17:42:39.889 [main] INFO  testCases.TC_002_LoginTest - **** Finished TC_002_LoginTest *****
17:45:55.347 [main] INFO  testCases.TC_001_AccountRegistrationTest - *******staring TC_001_AccountRegistrationTest*********
17:45:55.357 [main] DEBUG testCases.TC_001_AccountRegistrationTest - application logs started....
17:45:55.404 [main] INFO  testCases.TC_001_AccountRegistrationTest - Click on MyAccount link...
